<?xml version="1.0" encoding="UTF-8"?>
<coverage generated="1554976147263" clover="3.2.0">
  <project timestamp="1554976147263" name="All files">
    <metrics statements="34" coveredstatements="27" conditionals="16" coveredconditionals="12" methods="9" coveredmethods="7" elements="59" coveredelements="46" complexity="0" loc="34" ncloc="34" packages="1" files="2" classes="2"/>
    <file name="jestHelper.js" path="H:\salestrekker\javascript\Aktuelno\jesttest\jestHelper.js">
      <metrics statements="29" coveredstatements="22" conditionals="8" coveredconditionals="5" methods="8" coveredmethods="6"/>
      <line num="3" count="3" type="cond" truecount="2" falsecount="0"/>
      <line num="5" count="1" type="stmt"/>
      <line num="14" count="1" type="stmt"/>
      <line num="15" count="1" type="stmt"/>
      <line num="16" count="1" type="stmt"/>
      <line num="17" count="1" type="cond" truecount="1" falsecount="1"/>
      <line num="18" count="1" type="stmt"/>
      <line num="21" count="0" type="stmt"/>
      <line num="23" count="1" type="cond" truecount="1" falsecount="1"/>
      <line num="24" count="0" type="stmt"/>
      <line num="27" count="1" type="stmt"/>
      <line num="29" count="1" type="cond" truecount="1" falsecount="1"/>
      <line num="30" count="0" type="stmt"/>
      <line num="33" count="1" type="stmt"/>
      <line num="38" count="1" type="stmt"/>
      <line num="39" count="1" type="stmt"/>
      <line num="40" count="1" type="stmt"/>
      <line num="42" count="1" type="stmt"/>
      <line num="43" count="1" type="stmt"/>
      <line num="45" count="2" type="stmt"/>
      <line num="46" count="6" type="stmt"/>
      <line num="47" count="6" type="stmt"/>
      <line num="48" count="6" type="stmt"/>
      <line num="50" count="6" type="stmt"/>
      <line num="55" count="1" type="stmt"/>
      <line num="56" count="0" type="stmt"/>
      <line num="57" count="0" type="stmt"/>
      <line num="58" count="0" type="stmt"/>
      <line num="59" count="0" type="stmt"/>
    </file>
    <file name="sum.js" path="H:\salestrekker\javascript\Aktuelno\jesttest\sum.js">
      <metrics statements="5" coveredstatements="5" conditionals="8" coveredconditionals="7" methods="1" coveredmethods="1"/>
      <line num="2" count="7" type="cond" truecount="4" falsecount="0"/>
      <line num="4" count="1" type="cond" truecount="3" falsecount="1"/>
      <line num="5" count="1" type="stmt"/>
      <line num="7" count="6" type="stmt"/>
      <line num="9" count="1" type="stmt"/>
    </file>
  </project>
</coverage>
