{"H:\\salestrekker\\javascript\\Aktuelno\\jesttest\\jestHelper.js": {"path":"H:\\salestrekker\\javascript\\Aktuelno\\jesttest\\jestHelper.js","statementMap":{"0":{"start":{"line":3,"column":4},"end":{"line":3,"column":46}},"1":{"start":{"line":5,"column":0},"end":{"line":63,"column":1}},"2":{"start":{"line":14,"column":19},"end":{"line":14,"column":21}},"3":{"start":{"line":15,"column":17},"end":{"line":15,"column":19}},"4":{"start":{"line":16,"column":23},"end":{"line":16,"column":25}},"5":{"start":{"line":17,"column":0},"end":{"line":22,"column":1}},"6":{"start":{"line":18,"column":4},"end":{"line":18,"column":32}},"7":{"start":{"line":21,"column":4},"end":{"line":21,"column":35}},"8":{"start":{"line":23,"column":0},"end":{"line":28,"column":1}},"9":{"start":{"line":24,"column":4},"end":{"line":24,"column":29}},"10":{"start":{"line":27,"column":4},"end":{"line":27,"column":33}},"11":{"start":{"line":29,"column":0},"end":{"line":34,"column":1}},"12":{"start":{"line":30,"column":4},"end":{"line":30,"column":41}},"13":{"start":{"line":33,"column":4},"end":{"line":33,"column":45}},"14":{"start":{"line":38,"column":0},"end":{"line":62,"column":3}},"15":{"start":{"line":39,"column":4},"end":{"line":40,"column":48}},"16":{"start":{"line":40,"column":4},"end":{"line":40,"column":44}},"17":{"start":{"line":42,"column":18},"end":{"line":42,"column":32}},"18":{"start":{"line":43,"column":4},"end":{"line":54,"column":5}},"19":{"start":{"line":43,"column":15},"end":{"line":43,"column":16}},"20":{"start":{"line":45,"column":4},"end":{"line":52,"column":9}},"21":{"start":{"line":46,"column":27},"end":{"line":46,"column":42}},"22":{"start":{"line":47,"column":7},"end":{"line":47,"column":27}},"23":{"start":{"line":48,"column":4},"end":{"line":50,"column":56}},"24":{"start":{"line":50,"column":8},"end":{"line":50,"column":53}},"25":{"start":{"line":55,"column":7},"end":{"line":61,"column":13}},"26":{"start":{"line":56,"column":8},"end":{"line":59,"column":60}},"27":{"start":{"line":57,"column":31},"end":{"line":57,"column":46}},"28":{"start":{"line":58,"column":12},"end":{"line":58,"column":46}},"29":{"start":{"line":59,"column":12},"end":{"line":59,"column":57}}},"fnMap":{"0":{"name":"isArray","decl":{"start":{"line":2,"column":9},"end":{"line":2,"column":16}},"loc":{"start":{"line":2,"column":22},"end":{"line":4,"column":3}},"line":2},"1":{"name":"jestHelper","decl":{"start":{"line":5,"column":26},"end":{"line":5,"column":36}},"loc":{"start":{"line":6,"column":0},"end":{"line":63,"column":1}},"line":6},"2":{"name":"(anonymous_2)","decl":{"start":{"line":38,"column":21},"end":{"line":38,"column":22}},"loc":{"start":{"line":38,"column":27},"end":{"line":62,"column":1}},"line":38},"3":{"name":"(anonymous_3)","decl":{"start":{"line":39,"column":19},"end":{"line":39,"column":20}},"loc":{"start":{"line":39,"column":25},"end":{"line":40,"column":46}},"line":39},"4":{"name":"(anonymous_4)","decl":{"start":{"line":45,"column":23},"end":{"line":45,"column":24}},"loc":{"start":{"line":45,"column":31},"end":{"line":52,"column":7}},"line":45},"5":{"name":"(anonymous_5)","decl":{"start":{"line":48,"column":83},"end":{"line":48,"column":84}},"loc":{"start":{"line":48,"column":89},"end":{"line":50,"column":54}},"line":48},"6":{"name":"(anonymous_6)","decl":{"start":{"line":55,"column":32},"end":{"line":55,"column":33}},"loc":{"start":{"line":55,"column":40},"end":{"line":61,"column":11}},"line":55},"7":{"name":"(anonymous_7)","decl":{"start":{"line":56,"column":98},"end":{"line":56,"column":99}},"loc":{"start":{"line":56,"column":104},"end":{"line":59,"column":59}},"line":56}},"branchMap":{"0":{"loc":{"start":{"line":3,"column":11},"end":{"line":3,"column":45}},"type":"binary-expr","locations":[{"start":{"line":3,"column":11},"end":{"line":3,"column":16}},{"start":{"line":3,"column":20},"end":{"line":3,"column":45}}],"line":3},"1":{"loc":{"start":{"line":17,"column":0},"end":{"line":22,"column":1}},"type":"if","locations":[{"start":{"line":17,"column":0},"end":{"line":22,"column":1}},{"start":{"line":17,"column":0},"end":{"line":22,"column":1}}],"line":17},"2":{"loc":{"start":{"line":23,"column":0},"end":{"line":28,"column":1}},"type":"if","locations":[{"start":{"line":23,"column":0},"end":{"line":28,"column":1}},{"start":{"line":23,"column":0},"end":{"line":28,"column":1}}],"line":23},"3":{"loc":{"start":{"line":29,"column":0},"end":{"line":34,"column":1}},"type":"if","locations":[{"start":{"line":29,"column":0},"end":{"line":34,"column":1}},{"start":{"line":29,"column":0},"end":{"line":34,"column":1}}],"line":29}},"s":{"0":3,"1":1,"2":1,"3":1,"4":1,"5":1,"6":1,"7":0,"8":1,"9":0,"10":1,"11":1,"12":0,"13":1,"14":1,"15":1,"16":1,"17":1,"18":1,"19":1,"20":2,"21":6,"22":6,"23":6,"24":6,"25":1,"26":0,"27":0,"28":0,"29":0},"f":{"0":3,"1":1,"2":1,"3":1,"4":6,"5":6,"6":0,"7":0},"b":{"0":[3,3],"1":[1,0],"2":[0,1],"3":[0,1]},"_coverageSchema":"43e27e138ebf9cfc5966b082cf9a028302ed4184","hash":"54f0bd10dcd239d79186ae26a49f960fea67cdfd"}
,"H:\\salestrekker\\javascript\\Aktuelno\\jesttest\\sum.js": {"path":"H:\\salestrekker\\javascript\\Aktuelno\\jesttest\\sum.js","statementMap":{"0":{"start":{"line":2,"column":4},"end":{"line":5,"column":18}},"1":{"start":{"line":4,"column":8},"end":{"line":5,"column":17}},"2":{"start":{"line":5,"column":2},"end":{"line":5,"column":15}},"3":{"start":{"line":7,"column":2},"end":{"line":7,"column":11}},"4":{"start":{"line":9,"column":0},"end":{"line":9,"column":21}}},"fnMap":{"0":{"name":"sum","decl":{"start":{"line":1,"column":9},"end":{"line":1,"column":12}},"loc":{"start":{"line":1,"column":19},"end":{"line":8,"column":1}},"line":1}},"branchMap":{"0":{"loc":{"start":{"line":2,"column":4},"end":{"line":5,"column":18}},"type":"if","locations":[{"start":{"line":2,"column":4},"end":{"line":5,"column":18}},{"start":{"line":2,"column":4},"end":{"line":5,"column":18}}],"line":2},"1":{"loc":{"start":{"line":2,"column":8},"end":{"line":2,"column":14}},"type":"binary-expr","locations":[{"start":{"line":2,"column":8},"end":{"line":2,"column":9}},{"start":{"line":2,"column":13},"end":{"line":2,"column":14}}],"line":2},"2":{"loc":{"start":{"line":4,"column":8},"end":{"line":5,"column":17}},"type":"if","locations":[{"start":{"line":4,"column":8},"end":{"line":5,"column":17}},{"start":{"line":4,"column":8},"end":{"line":5,"column":17}}],"line":4},"3":{"loc":{"start":{"line":4,"column":12},"end":{"line":4,"column":27}},"type":"binary-expr","locations":[{"start":{"line":4,"column":12},"end":{"line":4,"column":18}},{"start":{"line":4,"column":22},"end":{"line":4,"column":27}}],"line":4}},"s":{"0":7,"1":1,"2":1,"3":6,"4":1},"f":{"0":7},"b":{"0":[1,6],"1":[7,4],"2":[1,0],"3":[1,1]},"_coverageSchema":"43e27e138ebf9cfc5966b082cf9a028302ed4184","hash":"c7ea95318c29dc58df73e4ab8713b7f7fecd1a56"}
}
