TN:
SF:H:\salestrekker\javascript\Aktuelno\jesttest\jestHelper.js
FN:2,isArray
FN:5,jestHelper
FN:38,(anonymous_2)
FN:39,(anonymous_3)
FN:45,(anonymous_4)
FN:48,(anonymous_5)
FN:55,(anonymous_6)
FN:56,(anonymous_7)
FNF:8
FNH:6
FNDA:3,isArray
FNDA:1,jestHelper
FNDA:1,(anonymous_2)
FNDA:1,(anonymous_3)
FNDA:6,(anonymous_4)
FNDA:6,(anonymous_5)
FNDA:0,(anonymous_6)
FNDA:0,(anonymous_7)
DA:3,3
DA:5,1
DA:14,1
DA:15,1
DA:16,1
DA:17,1
DA:18,1
DA:21,0
DA:23,1
DA:24,0
DA:27,1
DA:29,1
DA:30,0
DA:33,1
DA:38,1
DA:39,1
DA:40,1
DA:42,1
DA:43,1
DA:45,2
DA:46,6
DA:47,6
DA:48,6
DA:50,6
DA:55,1
DA:56,0
DA:57,0
DA:58,0
DA:59,0
LF:29
LH:22
BRDA:3,0,0,3
BRDA:3,0,1,3
BRDA:17,1,0,1
BRDA:17,1,1,0
BRDA:23,2,0,0
BRDA:23,2,1,1
BRDA:29,3,0,0
BRDA:29,3,1,1
BRF:8
BRH:5
end_of_record
TN:
SF:H:\salestrekker\javascript\Aktuelno\jesttest\sum.js
FN:1,sum
FNF:1
FNH:1
FNDA:7,sum
DA:2,7
DA:4,1
DA:5,1
DA:7,6
DA:9,1
LF:5
LH:5
BRDA:2,0,0,1
BRDA:2,0,1,6
BRDA:2,1,0,7
BRDA:2,1,1,4
BRDA:4,2,0,1
BRDA:4,2,1,0
BRDA:4,3,0,1
BRDA:4,3,1,1
BRF:8
BRH:7
end_of_record
